<?xml version="1.0" encoding="UTF-8"?>
<!-- Generated by org.testng.reporters.JUnitReportReporter -->
<testsuite hostname="ovozdroganov" name="com.velti.autoqa.tests.http_api.BaseHttpApiTest" tests="1" failures="0" timestamp="13 Feb 2013 19:35:11 GMT" time="1.515" errors="0">
  <testcase name="testme" time="1.515" classname="com.velti.autoqa.tests.http_api.BaseHttpApiTest"/>
</testsuite> <!-- com.velti.autoqa.tests.http_api.BaseHttpApiTest -->
